c:\users\илья\documents\github\test4\windowsproject1\windowsproject1\x64\debug\vc143.pdb
c:\users\илья\documents\github\test4\windowsproject1\windowsproject1\x64\debug\vc143.idb
c:\users\илья\documents\github\test4\windowsproject1\windowsproject1\x64\debug\windowsproject1.obj
c:\users\илья\documents\github\test4\windowsproject1\windowsproject1\x64\debug\testguififteens.obj
c:\users\илья\documents\github\test4\windowsproject1\windowsproject1\x64\debug\windowsproject1.res
c:\users\илья\documents\github\test4\windowsproject1\x64\debug\windowsproject1.pdb
c:\users\илья\documents\github\test4\windowsproject1\windowsproject1\x64\debug\windowsproject1.tlog\cl.command.1.tlog
c:\users\илья\documents\github\test4\windowsproject1\windowsproject1\x64\debug\windowsproject1.tlog\cl.read.1.tlog
c:\users\илья\documents\github\test4\windowsproject1\windowsproject1\x64\debug\windowsproject1.tlog\cl.write.1.tlog
c:\users\илья\documents\github\test4\windowsproject1\windowsproject1\x64\debug\windowsproject1.tlog\link-cvtres.read.1.tlog
c:\users\илья\documents\github\test4\windowsproject1\windowsproject1\x64\debug\windowsproject1.tlog\link-cvtres.write.1.tlog
c:\users\илья\documents\github\test4\windowsproject1\windowsproject1\x64\debug\windowsproject1.tlog\link-rc.read.1.tlog
c:\users\илья\documents\github\test4\windowsproject1\windowsproject1\x64\debug\windowsproject1.tlog\link-rc.write.1.tlog
c:\users\илья\documents\github\test4\windowsproject1\windowsproject1\x64\debug\windowsproject1.tlog\link.command.1.tlog
c:\users\илья\documents\github\test4\windowsproject1\windowsproject1\x64\debug\windowsproject1.tlog\link.read.1.tlog
c:\users\илья\documents\github\test4\windowsproject1\windowsproject1\x64\debug\windowsproject1.tlog\link.read.2.tlog
c:\users\илья\documents\github\test4\windowsproject1\windowsproject1\x64\debug\windowsproject1.tlog\link.write.1.tlog
c:\users\илья\documents\github\test4\windowsproject1\windowsproject1\x64\debug\windowsproject1.tlog\rc.command.1.tlog
c:\users\илья\documents\github\test4\windowsproject1\windowsproject1\x64\debug\windowsproject1.tlog\rc.read.1.tlog
c:\users\илья\documents\github\test4\windowsproject1\windowsproject1\x64\debug\windowsproject1.tlog\rc.write.1.tlog
