Сборка начата 19.05.2025 20:42:36.
Уровень детализации журнала: Normal.     1>Проект "C:\Users\Илья\Documents\GitHub\cpp\test2\WindowsProject1\WindowsProject1.vcxproj" в узле 2 (целевые объекты Build).
     1>PrepareForBuild:
         Структурированный вывод включен. Форматирование диагностики компилятора будет отражать иерархию ошибок. Подробнее см. https://aka.ms/cpp/structured-output.
       InitializeBuildStatus:
         Создание "WindowsProject1\x64\Debug\WindowsProject1.tlog\unsuccessfulbuild", так как было задано "AlwaysCreate".
         Обращение к "WindowsProject1\x64\Debug\WindowsProject1.tlog\unsuccessfulbuild".
       ClCompile:
         C:\Program Files\Microsoft Visual Studio\2022\Community\VC\Tools\MSVC\14.42.34433\bin\HostX64\x64\CL.exe /c /ZI /JMC /nologo /W3 /WX- /diagnostics:column /sdl /Od /D _DEBUG /D _WINDOWS /D _UNICODE /D UNICODE /Gm- /EHsc /RTC1 /MDd /GS /fp:precise /Zc:wchar_t /Zc:forScope /Zc:inline /permissive- /Fo"WindowsProject1\x64\Debug\\" /Fd"WindowsProject1\x64\Debug\vc143.pdb" /external:W3 /Gd /TP /FC /errorReport:prompt WindowsProject1.cpp
         WindowsProject1.cpp
     1>C:\Users\Илья\Documents\GitHub\cpp\test2\WindowsProject1\WindowsProject1.cpp(106,9): error C2660: MessageBoxExW: функция не принимает 4 аргументов
             C:\Program Files (x86)\Windows Kits\10\Include\10.0.22621.0\um\winuser.h(9227,1):
              см. объявление "MessageBoxExW"
             C:\Users\Илья\Documents\GitHub\cpp\test2\WindowsProject1\WindowsProject1.cpp(106,9):
             при попытке сопоставить список аргументов "(HWND, LPCWSTR, const wchar_t [7], long)"
         
     1>C:\Users\Илья\Documents\GitHub\cpp\test2\WindowsProject1\WindowsProject1.cpp(124,12): warning C4244: аргумент: преобразование "time_t" в "unsigned int", возможна потеря данных
     1>Сборка проекта "C:\Users\Илья\Documents\GitHub\cpp\test2\WindowsProject1\WindowsProject1.vcxproj" завершена (целевые объекты Build) с ошибкой.

Ошибка сборки.

       "C:\Users\Илья\Documents\GitHub\cpp\test2\WindowsProject1\WindowsProject1.vcxproj" (целевой объект Build ) (1) ->
       (Целевой объект ClCompile) -> 
         C:\Users\Илья\Documents\GitHub\cpp\test2\WindowsProject1\WindowsProject1.cpp(124,12): warning C4244: аргумент: преобразование "time_t" в "unsigned int", возможна потеря данных


       "C:\Users\Илья\Documents\GitHub\cpp\test2\WindowsProject1\WindowsProject1.vcxproj" (целевой объект Build ) (1) ->
       (Целевой объект ClCompile) -> 
         C:\Users\Илья\Documents\GitHub\cpp\test2\WindowsProject1\WindowsProject1.cpp(106,9): error C2660: MessageBoxExW: функция не принимает 4 аргументов

    Предупреждений: 1
    Ошибок: 1

Прошло времени 00:00:00.88
